14:44:24.658 [print] aiNemRFDXR@mail.jp
14:44:24.664 [print] {
  "name": "shiroe boooy",
  "gender": "male",
  "status": "active",
  "email": "aiNemRFDXR@mail.jp"
}

14:44:24.946 request:
1 > POST https://gorest.co.in/public/v1/users
1 > Accept-Encoding: gzip,deflate
1 > Authorization: Bearer 5b62f89b0056585969f112bc3d07f726481559fab42599241dcab33d2b9f6d2e
1 > Connection: Keep-Alive
1 > Content-Length: 86
1 > Content-Type: application/json; charset=UTF-8
1 > Host: gorest.co.in
1 > User-Agent: Apache-HttpClient/4.5.12 (Java/13)
{"name":"shiroe boooy","gender":"male","status":"active","email":"aiNemRFDXR@mail.jp"}

14:44:29.473 response time in milliseconds: 4525.54
1 < 201
1 < Cache-Control: max-age=0, private, must-revalidate
1 < Connection: keep-alive
1 < Content-Type: application/json; charset=utf-8
1 < Date: Fri, 28 Jan 2022 13:44:28 GMT
1 < ETag: W/"0813e0d700361dc2c5eb40e3f3dd9f7d"
1 < Location: https://gorest.co.in/public/v1/users/5553
1 < Referrer-Policy: strict-origin-when-cross-origin
1 < Server: nginx
1 < Strict-Transport-Security: max-age=63072000; includeSubDomains
1 < Transfer-Encoding: chunked
1 < Vary: Origin
1 < X-Content-Type-Options: nosniff
1 < X-Download-Options: noopen
1 < X-Frame-Options: SAMEORIGIN
1 < X-Permitted-Cross-Domain-Policies: none
1 < X-RateLimit-Limit: 90
1 < X-RateLimit-Remaining: 89
1 < X-RateLimit-Reset: 1
1 < X-Request-Id: eb8acf3c-e2f8-4750-a8db-7298c77f5fe5
1 < X-Runtime: 0.040216
1 < X-XSS-Protection: 0
{"meta":null,"data":{"id":5553,"name":"shiroe boooy","email":"aiNemRFDXR@mail.jp","gender":"male","status":"active"}}

14:44:29.483 [print] {
  "data": {
    "gender": "male",
    "name": "shiroe boooy",
    "id": 5553,
    "email": "aiNemRFDXR@mail.jp",
    "status": "active"
  },
  "meta": null
}

14:44:29.486 request:
2 > DELETE https://gorest.co.in/public/v1/users/5553
2 > Accept-Encoding: gzip,deflate
2 > Authorization: Bearer 5b62f89b0056585969f112bc3d07f726481559fab42599241dcab33d2b9f6d2e
2 > Connection: Keep-Alive
2 > Host: gorest.co.in
2 > User-Agent: Apache-HttpClient/4.5.12 (Java/13)

14:44:32.339 response time in milliseconds: 2853.19
2 < 204
2 < Cache-Control: no-cache
2 < Connection: keep-alive
2 < Date: Fri, 28 Jan 2022 13:44:31 GMT
2 < Referrer-Policy: strict-origin-when-cross-origin
2 < Server: nginx
2 < Strict-Transport-Security: max-age=63072000; includeSubDomains
2 < Vary: Origin
2 < X-Content-Type-Options: nosniff
2 < X-Download-Options: noopen
2 < X-Frame-Options: SAMEORIGIN
2 < X-Permitted-Cross-Domain-Policies: none
2 < X-RateLimit-Limit: 90
2 < X-RateLimit-Remaining: 89
2 < X-RateLimit-Reset: 1
2 < X-Request-Id: fd89bd1e-bdc8-4ed8-baa4-3150af105a4c
2 < X-Runtime: 0.041975
2 < X-XSS-Protection: 0

14:44:32.340 request:
3 > GET https://gorest.co.in/public/v1/users/5553
3 > Accept-Encoding: gzip,deflate
3 > Authorization: Bearer 5b62f89b0056585969f112bc3d07f726481559fab42599241dcab33d2b9f6d2e
3 > Connection: Keep-Alive
3 > Host: gorest.co.in
3 > User-Agent: Apache-HttpClient/4.5.12 (Java/13)

14:44:36.706 response time in milliseconds: 4363.58
3 < 404
3 < Cache-Control: no-cache
3 < Connection: keep-alive
3 < Content-Type: application/json; charset=utf-8
3 < Date: Fri, 28 Jan 2022 13:44:35 GMT
3 < Referrer-Policy: strict-origin-when-cross-origin
3 < Server: nginx
3 < Strict-Transport-Security: max-age=63072000; includeSubDomains
3 < Transfer-Encoding: chunked
3 < Vary: [Accept-Encoding, Origin]
3 < X-Content-Type-Options: nosniff
3 < X-Download-Options: noopen
3 < X-Frame-Options: SAMEORIGIN
3 < X-Permitted-Cross-Domain-Policies: none
3 < X-RateLimit-Limit: 90
3 < X-RateLimit-Remaining: 89
3 < X-RateLimit-Reset: 1
3 < X-Request-Id: 9d7d9eae-542b-4eb5-a717-9b7e27268178
3 < X-Runtime: 0.022324
3 < X-XSS-Protection: 0
{"meta":null,"data":{"message":"Resource not found"}}

font-style: unset;}.code-text code i {color: #b5bd68;}.code-text code span {color: #f0c674;}</style><div class="card text-white border-secondary bg-dark"><div class="card-header"><h1 class="card-title text-warning"><i class="fas fa-ghost text-white slide-right"></i> HTTP: Not Found </h1></div><div class="card-body"><h3 class="leaad code-text"><code class="mb-3"><span>this_page</span>.<em>not_found</em> = true</code></h3><p class="lead code-text"><code class="mb-2"><span>if</span> <b>you_spelt_it_wrong</b> <br />&nbsp;&nbsp;<span>try_again</span><br /></code><code class="mb-2"><span>elsif <b>we_screwed_up</b></span> <br />&nbsp;&nbsp;<em>print</em> <i>"We're really sorry about that."</i><br/></code><code class="mb-2"><span>end</span></code><code class="mb-2"><span>redirect_to</span> <em>home_page</em></code></p></div></div></div><hr class="mt-5" /><div class="container"><div class="footer"><ul class="list-inline"><li class="list-inline-item">&copy; Go Rest 2022</li><li class="list-inline-item float-lg-end"><a href="/privacy-policy">Privacy Policy</a></li><li class="list-inline-item float-lg-end me-3"><a href="/contact-us">Contact Us</a></li></ul></div></div></body></html>

12:43:51.938 xml parsing failed, response data type set to string: org.xml.sax.SAXParseException; lineNumber: 1; columnNumber: 2870; The entity "nbsp" was referenced, but not declared.
12:43:51.938 status code was: 404, expected: 201, response time: 3312, url: https://gorest.co.in/puclic/v1/users/, response: <!DOCTYPE html><html><head><meta charset="utf-8" /><meta content="width=device-width, initial-scale=1, shrink-to-fit=no" name="viewport" /><link href="/favicon.ico" rel="icon" type="image/x-icon" /><title>Page Not Found | GO REST</title><link rel="stylesheet" href="/assets/application-041021d49603e1c9419ee05a8b8563bb43c6edcd9d99604f00b81fb0fa282c04.css" media="all" data-turbolinks-track="reload" /><script src="/packs/js/application-60de9e60a61e541faef7.js" data-turbolinks-track="reload" defer="defer"></script><script async="true" crossorigin="anonymous" src="https://pagead2.googlesyndication.com/pagead/js/adsbygoogle.js?client=ca-pub-4930099895671899"></script></head><body><nav class="navbar navbar-expand-lg navbar-dark bg-dark sticky-top"><div class="container"><a class="navbar-brand" href="/"><i class="fas fa-exchange-alt"></i> Go REST</a><button aria-controls="AppNavBar" aria-expanded="false" aria-label="Toggle navigation" class="navbar-toggler" data-bs-target="#AppNavBar" data-bs-toggle="collapse" type="button"><span class="navbar-toggler-icon"></span></button><div class="collapse navbar-collapse" id="AppNavBar"><ul class="navbar-nav ms-auto"><li class="nav-item"><a class="nav-link" href="/chandamama-stories"><i class="fas fa-cloud-moon"></i> Chandamama Stories</a></li><li class="nav-item"><a class="nav-link" href="/qa"><i class="fas fa-life-ring"></i> Help</a></li><li class="nav-item"><a class="nav-link" href="/rest-console"><i class="fab fa-linux"></i> Rest Console</a></li><li class="nav-item dropdown"><a aria-expanded="false" class="nav-link dropdown-toggle" data-bs-toggle="dropdown" href="#" id="ToolsDropDown" role="button"><i class="fas fa-tools"></i> Tools</a><ul aria-labelledby="ToolsDropDown" class="dropdown-menu"><li class=""><a class="dropdown-item" href="/tools/base64-encode-decode">Base64 Encode/Decode</a></li><li class=""><a class="dropdown-item" href="/tools/url-encode-decode">Url Encode/Decode</a></li><li class=""><a class="dropdown-item" href="/tools/gcode-translator">G-Code Translator</a></li></ul></li><li class="nav-item"><a class="nav-link" href="/consumer/login">Login</a></li></ul></div></div></nav><div class="container pt-3"><style type="text/css">.code-text code {color: #bdbdbd;display: block;}.code-text code b {color: #81a2be;font-weight: 900;}.code-text code em {color: #b294bb;font-style: unset;}.code-text code i {color: #b5bd68;}.code-text code span {color: #f0c674;}</style><div class="card text-white border-secondary bg-dark"><div class="card-header"><h1 class="card-title text-warning"><i class="fas fa-ghost text-white slide-right"></i> HTTP: Not Found </h1></div><div class="card-body"><h3 class="leaad code-text"><code class="mb-3"><span>this_page</span>.<em>not_found</em> = true</code></h3><p class="lead code-text"><code class="mb-2"><span>if</span> <b>you_spelt_it_wrong</b> <br />&nbsp;&nbsp;<span>try_again</span><br /></code><code class="mb-2"><span>elsif <b>we_screwed_up</b></span> <br />&nbsp;&nbsp;<em>print</em> <i>"We're really sorry about that."</i><br/></code><code class="mb-2"><span>end</span></code><code class="mb-2"><span>redirect_to</span> <em>home_page</em></code></p></div></div></div><hr class="mt-5" /><div class="container"><div class="footer"><ul class="list-inline"><li class="list-inline-item">&copy; Go Rest 2022</li><li class="list-inline-item float-lg-end"><a href="/privacy-policy">Privacy Policy</a></li><li class="list-inline-item float-lg-end me-3"><a href="/contact-us">Contact Us</a></li></ul></div></div></body></html>
